<?xml version="1.0" encoding="UTF-8"?>
<!-- Generated by org.testng.reporters.JUnitXMLReporter -->
<testsuite ignored="0" hostname="Shiv-PC" failures="2" tests="5" name="Test" time="9.617" errors="0" timestamp="2023-12-28T11:22:13 IST">
  <testcase classname="io.cucumber.testng.AbstractTestNGCucumberTests" name="runScenario" time="1.593">
    <failure type="java.lang.AssertionError" message="**[Error]Expected Tilte: Swagger Lab Does not matches with Actual Title: Swag Labs expected [Swagger Lab] but found [Swag Labs]">
      <![CDATA[java.lang.AssertionError: **[Error]Expected Tilte: Swagger Lab Does not matches with Actual Title: Swag Labs expected [Swagger Lab] but found [Swag Labs]
at PageActions.Saucedemo_Actions.veryfyLoggedInSuccessFull(Saucedemo_Actions.java:50)
at StepDefination.Saucedemo_StepDef.i_verify_user_is_loggedin_successfully(Saucedemo_StepDef.java:67)
at ✽.I verify website title is Swagger Lab(file:///C:/Users/SHIV%20MANGAL/Desktop/Shiv%20Mangal/AutomationFrameWorkUsingJava/src/test/resources/Features/Saucedemo.feature:9)
... Removed 5 stack frames]]>
    </failure>
  </testcase> <!-- runScenario -->
  <testcase classname="io.cucumber.testng.AbstractTestNGCucumberTests" name="runScenario" time="0.787"/>
  <testcase classname="io.cucumber.testng.AbstractTestNGCucumberTests" name="runScenario" time="0.705">
    <failure type="java.lang.AssertionError" message="**[Error]Expected Tilte: Swags Labs Does not matches with Actual Title: Swag Labs expected [Swags Labs] but found [Swag Labs]">
      <![CDATA[java.lang.AssertionError: **[Error]Expected Tilte: Swags Labs Does not matches with Actual Title: Swag Labs expected [Swags Labs] but found [Swag Labs]
at PageActions.Saucedemo_Actions.veryfyLoggedInSuccessFull(Saucedemo_Actions.java:50)
at StepDefination.Saucedemo_StepDef.i_verify_user_is_loggedin_successfully(Saucedemo_StepDef.java:67)
at ✽.I verify website title is Swags Labs(file:///C:/Users/SHIV%20MANGAL/Desktop/Shiv%20Mangal/AutomationFrameWorkUsingJava/src/test/resources/Features/Saucedemo.feature:27)
... Removed 5 stack frames]]>
    </failure>
  </testcase> <!-- runScenario -->
  <testcase classname="io.cucumber.testng.AbstractTestNGCucumberTests" name="runScenario" time="0.707"/>
  <testcase classname="io.cucumber.testng.AbstractTestNGCucumberTests" name="runScenario" time="1.485"/>
</testsuite> <!-- Test -->
