<?xml version="1.0" encoding="UTF-8"?>
<testng-results ignored="0" total="5" passed="3" failed="2" skipped="0">
  <reporter-output>
  </reporter-output>
  <suite started-at="2023-12-28T11:22:03 IST" name="Suite" finished-at="2023-12-28T11:22:13 IST" duration-ms="9617">
    <groups>
      <group name="cucumber">
        <method signature="AbstractTestNGCucumberTests.runScenario(io.cucumber.testng.PickleWrapper,io.cucumber.testng.FeatureWrapper)[pri:0, instance:runner.TestRunner2@52f27fbd]" name="runScenario" class="io.cucumber.testng.AbstractTestNGCucumberTests"/>
        <method signature="AbstractTestNGCucumberTests.runScenario(io.cucumber.testng.PickleWrapper,io.cucumber.testng.FeatureWrapper)[pri:0, instance:runner.TestRunner@2a693f59]" name="runScenario" class="io.cucumber.testng.AbstractTestNGCucumberTests"/>
      </group> <!-- cucumber -->
    </groups>
    <test started-at="2023-12-28T11:22:03 IST" name="Test" finished-at="2023-12-28T11:22:13 IST" duration-ms="9617">
      <class name="runner.TestRunner2">
        <test-method is-config="true" signature="InitializeWebDriver()[pri:0, instance:runner.TestRunner2@52f27fbd]" started-at="2023-12-28T11:22:06 IST" name="InitializeWebDriver" finished-at="2023-12-28T11:22:07 IST" duration-ms="913" status="PASS">
          <reporter-output>
          </reporter-output>
        </test-method> <!-- InitializeWebDriver -->
        <test-method is-config="true" signature="setUpClass(org.testng.ITestContext)[pri:0, instance:runner.TestRunner2@52f27fbd]" started-at="2023-12-28T11:22:11 IST" name="setUpClass" finished-at="2023-12-28T11:22:11 IST" duration-ms="26" status="PASS">
          <params>
            <param index="0">
              <value>
                <![CDATA[org.testng.TestRunner@706f6d26]]>
              </value>
            </param>
          </params>
          <reporter-output>
          </reporter-output>
        </test-method> <!-- setUpClass -->
        <test-method signature="runScenario(io.cucumber.testng.PickleWrapper,io.cucumber.testng.FeatureWrapper)[pri:0, instance:runner.TestRunner2@52f27fbd]" started-at="2023-12-28T11:22:11 IST" name="runScenario" description="Runs Cucumber Scenarios" data-provider="scenarios" finished-at="2023-12-28T11:22:13 IST" duration-ms="1485" status="PASS">
          <params>
            <param index="0">
              <value>
                <![CDATA["My Test Scenario"]]>
              </value>
            </param>
            <param index="1">
              <value>
                <![CDATA["My Test Feature"]]>
              </value>
            </param>
          </params>
          <reporter-output>
          </reporter-output>
        </test-method> <!-- runScenario -->
        <test-method is-config="true" signature="tearDownClass()[pri:0, instance:runner.TestRunner2@52f27fbd]" started-at="2023-12-28T11:22:13 IST" name="tearDownClass" finished-at="2023-12-28T11:22:13 IST" duration-ms="51" status="PASS">
          <reporter-output>
          </reporter-output>
        </test-method> <!-- tearDownClass -->
        <test-method is-config="true" signature="CloseWebDriver()[pri:0, instance:runner.TestRunner2@52f27fbd]" started-at="2023-12-28T11:22:13 IST" name="CloseWebDriver" finished-at="2023-12-28T11:22:13 IST" duration-ms="1" status="PASS">
          <reporter-output>
          </reporter-output>
        </test-method> <!-- CloseWebDriver -->
      </class> <!-- runner.TestRunner2 -->
      <class name="runner.TestRunner">
        <test-method is-config="true" signature="InitializeWebDriver()[pri:0, instance:runner.TestRunner@2a693f59]" started-at="2023-12-28T11:22:03 IST" name="InitializeWebDriver" finished-at="2023-12-28T11:22:06 IST" duration-ms="2236" status="PASS">
          <reporter-output>
          </reporter-output>
        </test-method> <!-- InitializeWebDriver -->
        <test-method is-config="true" signature="setUpClass(org.testng.ITestContext)[pri:0, instance:runner.TestRunner@2a693f59]" started-at="2023-12-28T11:22:07 IST" name="setUpClass" finished-at="2023-12-28T11:22:07 IST" duration-ms="555" status="PASS">
          <params>
            <param index="0">
              <value>
                <![CDATA[org.testng.TestRunner@706f6d26]]>
              </value>
            </param>
          </params>
          <reporter-output>
          </reporter-output>
        </test-method> <!-- setUpClass -->
        <test-method signature="runScenario(io.cucumber.testng.PickleWrapper,io.cucumber.testng.FeatureWrapper)[pri:0, instance:runner.TestRunner@2a693f59]" started-at="2023-12-28T11:22:07 IST" name="runScenario" description="Runs Cucumber Scenarios" data-provider="scenarios" finished-at="2023-12-28T11:22:09 IST" duration-ms="1593" status="FAIL">
          <params>
            <param index="0">
              <value>
                <![CDATA["User is able to login to the application"]]>
              </value>
            </param>
            <param index="1">
              <value>
                <![CDATA["Saucedemo Practice"]]>
              </value>
            </param>
          </params>
          <exception class="java.lang.AssertionError">
            <message>
              <![CDATA[**[Error]Expected Tilte: Swagger Lab Does not matches with Actual Title: Swag Labs expected [Swagger Lab] but found [Swag Labs]]]>
            </message>
            <full-stacktrace>
              <![CDATA[java.lang.AssertionError: **[Error]Expected Tilte: Swagger Lab Does not matches with Actual Title: Swag Labs expected [Swagger Lab] but found [Swag Labs]
at org.testng.Assert.fail(Assert.java:110)
at org.testng.Assert.failNotEquals(Assert.java:1413)
at org.testng.Assert.assertEqualsImpl(Assert.java:149)
at org.testng.Assert.assertEquals(Assert.java:131)
at org.testng.Assert.assertEquals(Assert.java:655)
at PageActions.Saucedemo_Actions.veryfyLoggedInSuccessFull(Saucedemo_Actions.java:50)
at StepDefination.Saucedemo_StepDef.i_verify_user_is_loggedin_successfully(Saucedemo_StepDef.java:67)
at ✽.I verify website title is Swagger Lab(file:///C:/Users/SHIV%20MANGAL/Desktop/Shiv%20Mangal/AutomationFrameWorkUsingJava/src/test/resources/Features/Saucedemo.feature:9)
]]>
            </full-stacktrace>
          </exception> <!-- java.lang.AssertionError -->
          <reporter-output>
          </reporter-output>
        </test-method> <!-- runScenario -->
        <test-method signature="runScenario(io.cucumber.testng.PickleWrapper,io.cucumber.testng.FeatureWrapper)[pri:0, instance:runner.TestRunner@2a693f59]" started-at="2023-12-28T11:22:09 IST" name="runScenario" description="Runs Cucumber Scenarios" data-provider="scenarios" finished-at="2023-12-28T11:22:10 IST" duration-ms="787" status="PASS">
          <params>
            <param index="0">
              <value>
                <![CDATA["User is able to login to the application"]]>
              </value>
            </param>
            <param index="1">
              <value>
                <![CDATA["Saucedemo Practice"]]>
              </value>
            </param>
          </params>
          <reporter-output>
          </reporter-output>
        </test-method> <!-- runScenario -->
        <test-method signature="runScenario(io.cucumber.testng.PickleWrapper,io.cucumber.testng.FeatureWrapper)[pri:0, instance:runner.TestRunner@2a693f59]" started-at="2023-12-28T11:22:10 IST" name="runScenario" description="Runs Cucumber Scenarios" data-provider="scenarios" finished-at="2023-12-28T11:22:10 IST" duration-ms="705" status="FAIL">
          <params>
            <param index="0">
              <value>
                <![CDATA["User is able to login to the application"]]>
              </value>
            </param>
            <param index="1">
              <value>
                <![CDATA["Saucedemo Practice"]]>
              </value>
            </param>
          </params>
          <exception class="java.lang.AssertionError">
            <message>
              <![CDATA[**[Error]Expected Tilte: Swags Labs Does not matches with Actual Title: Swag Labs expected [Swags Labs] but found [Swag Labs]]]>
            </message>
            <full-stacktrace>
              <![CDATA[java.lang.AssertionError: **[Error]Expected Tilte: Swags Labs Does not matches with Actual Title: Swag Labs expected [Swags Labs] but found [Swag Labs]
at org.testng.Assert.fail(Assert.java:110)
at org.testng.Assert.failNotEquals(Assert.java:1413)
at org.testng.Assert.assertEqualsImpl(Assert.java:149)
at org.testng.Assert.assertEquals(Assert.java:131)
at org.testng.Assert.assertEquals(Assert.java:655)
at PageActions.Saucedemo_Actions.veryfyLoggedInSuccessFull(Saucedemo_Actions.java:50)
at StepDefination.Saucedemo_StepDef.i_verify_user_is_loggedin_successfully(Saucedemo_StepDef.java:67)
at ✽.I verify website title is Swags Labs(file:///C:/Users/SHIV%20MANGAL/Desktop/Shiv%20Mangal/AutomationFrameWorkUsingJava/src/test/resources/Features/Saucedemo.feature:27)
]]>
            </full-stacktrace>
          </exception> <!-- java.lang.AssertionError -->
          <reporter-output>
          </reporter-output>
        </test-method> <!-- runScenario -->
        <test-method signature="runScenario(io.cucumber.testng.PickleWrapper,io.cucumber.testng.FeatureWrapper)[pri:0, instance:runner.TestRunner@2a693f59]" started-at="2023-12-28T11:22:10 IST" name="runScenario" description="Runs Cucumber Scenarios" data-provider="scenarios" finished-at="2023-12-28T11:22:11 IST" duration-ms="707" status="PASS">
          <params>
            <param index="0">
              <value>
                <![CDATA["User is able to login to the application"]]>
              </value>
            </param>
            <param index="1">
              <value>
                <![CDATA["Saucedemo Practice"]]>
              </value>
            </param>
          </params>
          <reporter-output>
          </reporter-output>
        </test-method> <!-- runScenario -->
        <test-method is-config="true" signature="tearDownClass()[pri:0, instance:runner.TestRunner@2a693f59]" started-at="2023-12-28T11:22:11 IST" name="tearDownClass" finished-at="2023-12-28T11:22:11 IST" duration-ms="116" status="PASS">
          <reporter-output>
          </reporter-output>
        </test-method> <!-- tearDownClass -->
        <test-method is-config="true" signature="CloseWebDriver()[pri:0, instance:runner.TestRunner@2a693f59]" started-at="2023-12-28T11:22:13 IST" name="CloseWebDriver" finished-at="2023-12-28T11:22:13 IST" duration-ms="329" status="PASS">
          <reporter-output>
          </reporter-output>
        </test-method> <!-- CloseWebDriver -->
      </class> <!-- runner.TestRunner -->
    </test> <!-- Test -->
  </suite> <!-- Suite -->
</testng-results>
