<?xml version="1.0" encoding="UTF-8"?>
<!-- Generated by org.testng.reporters.JUnitReportReporter -->
<testsuite hostname="Shiv-PC" failures="2" tests="4" name="runner.TestRunner" time="3.792" errors="0" timestamp="2023-12-28T11:22:14 IST" skipped="0">
  <testcase classname="runner.TestRunner" name="runScenario" time="0.787"/>
  <system-out/>
  <testcase classname="runner.TestRunner" name="runScenario" time="0.707"/>
  <system-out/>
  <testcase classname="runner.TestRunner" name="runScenario" time="0.705">
    <failure message="**[Error]Expected Tilte: Swags Labs Does not matches with Actual Title: Swag Labs expected [Swags Labs] but found [Swag Labs]" type="java.lang.AssertionError">
      <![CDATA[java.lang.AssertionError: **[Error]Expected Tilte: Swags Labs Does not matches with Actual Title: Swag Labs expected [Swags Labs] but found [Swag Labs]
at org.testng.Assert.fail(Assert.java:110)
at org.testng.Assert.failNotEquals(Assert.java:1413)
at org.testng.Assert.assertEqualsImpl(Assert.java:149)
at org.testng.Assert.assertEquals(Assert.java:131)
at org.testng.Assert.assertEquals(Assert.java:655)
at PageActions.Saucedemo_Actions.veryfyLoggedInSuccessFull(Saucedemo_Actions.java:50)
at StepDefination.Saucedemo_StepDef.i_verify_user_is_loggedin_successfully(Saucedemo_StepDef.java:67)
at ✽.I verify website title is Swags Labs(file:///C:/Users/SHIV%20MANGAL/Desktop/Shiv%20Mangal/AutomationFrameWorkUsingJava/src/test/resources/Features/Saucedemo.feature:27)
]]>
    </failure>
  </testcase> <!-- runScenario -->
  <system-out/>
  <testcase classname="runner.TestRunner" name="runScenario" time="1.593">
    <failure message="**[Error]Expected Tilte: Swagger Lab Does not matches with Actual Title: Swag Labs expected [Swagger Lab] but found [Swag Labs]" type="java.lang.AssertionError">
      <![CDATA[java.lang.AssertionError: **[Error]Expected Tilte: Swagger Lab Does not matches with Actual Title: Swag Labs expected [Swagger Lab] but found [Swag Labs]
at org.testng.Assert.fail(Assert.java:110)
at org.testng.Assert.failNotEquals(Assert.java:1413)
at org.testng.Assert.assertEqualsImpl(Assert.java:149)
at org.testng.Assert.assertEquals(Assert.java:131)
at org.testng.Assert.assertEquals(Assert.java:655)
at PageActions.Saucedemo_Actions.veryfyLoggedInSuccessFull(Saucedemo_Actions.java:50)
at StepDefination.Saucedemo_StepDef.i_verify_user_is_loggedin_successfully(Saucedemo_StepDef.java:67)
at ✽.I verify website title is Swagger Lab(file:///C:/Users/SHIV%20MANGAL/Desktop/Shiv%20Mangal/AutomationFrameWorkUsingJava/src/test/resources/Features/Saucedemo.feature:9)
]]>
    </failure>
  </testcase> <!-- runScenario -->
  <system-out/>
</testsuite> <!-- runner.TestRunner -->
